[09:00:31] [WARN] Crucible entry for Oak Sapling with meta 0 already exists, skipping.
[09:00:31] [WARN] Crucible entry for Spruce Sapling with meta 1 already exists, skipping.
[09:00:31] [WARN] Crucible entry for Birch Sapling with meta 2 already exists, skipping.
[09:00:31] [WARN] Crucible entry for Jungle Sapling with meta 3 already exists, skipping.
[09:00:31] [WARN] Crucible entry for Acacia Sapling with meta 4 already exists, skipping.
[09:00:31] [WARN] Crucible entry for Dark Oak Sapling with meta 5 already exists, skipping.
[09:01:59] [INFO] ModConfig Loaded: true
[09:01:59] [INFO] JEI: Compost Recipe Pages Loaded:         2
[09:01:59] [INFO] JEI: Fluid Item Transform Recipes Loaded:       24
[09:01:59] [INFO] JEI: Fluid On Top Recipes Loaded:       2
[09:01:59] [INFO] JEI: Fluid Transform Recipes Loaded:    1
[09:01:59] [INFO] JEI: Hammer Recipes Loaded:             42
[09:01:59] [INFO] JEI: Crook Recipes Loaded:              1
[09:01:59] [INFO] JEI: Heat Sources Loaded:             48
[09:01:59] [INFO] JEI: Sieve Recipes Loaded:              53
[09:01:59] [INFO] JEI: Stone Crucible Recipes Loaded:       1
[09:01:59] [INFO] JEI: Wood Crucible Recipes Loaded:        1
[09:01:59] [INFO] Registered Hammer Catalyst: exnihilocreatio:hammer_wood
[09:01:59] [INFO] Registered Hammer Catalyst: exnihilocreatio:hammer_stone
[09:01:59] [INFO] Registered Hammer Catalyst: exnihilocreatio:hammer_iron
[09:01:59] [INFO] Registered Hammer Catalyst: exnihilocreatio:hammer_diamond
[09:01:59] [INFO] Registered Hammer Catalyst: exnihilocreatio:hammer_gold
[09:01:59] [INFO] Registered Crook Catalyst: exnihilocreatio:crook_wood
[09:01:59] [INFO] Registered Crook Catalyst: exnihilocreatio:crook_stone
[09:01:59] [INFO] Registered Crook Catalyst: exnihilocreatio:crook_andesite
[09:01:59] [INFO] Registered Crook Catalyst: exnihilocreatio:crook_granite
[09:01:59] [INFO] Registered Crook Catalyst: exnihilocreatio:crook_diorite
[09:01:59] [INFO] Registered Crook Catalyst: exnihilocreatio:crook_gold
[09:01:59] [INFO] Registered Crook Catalyst: exnihilocreatio:crook_iron
[09:01:59] [INFO] Registered Crook Catalyst: exnihilocreatio:crook_diamond
[09:01:59] [INFO] Registered Crook Catalyst: exnihilocreatio:crook_bone
[09:01:59] [INFO] Registered Crook Catalyst: exnihilocreatio:crook_clay_uncooked
[09:01:59] [INFO] Registered Crook Catalyst: exnihilocreatio:crook_clay
[09:01:59] [INFO] Registered Crook Catalyst: exnihilocreatio:crook_prismarine
[09:01:59] [INFO] Registered Crook Catalyst: exnihilocreatio:crook_netherrack
[09:01:59] [INFO] Registered Crook Catalyst: exnihilocreatio:crook_purpur
[09:01:59] [INFO] Registered Crook Catalyst: exnihilocreatio:crook_blaze
[09:01:59] [INFO] Registered Hammer Catalyst: exnihilocreatio:hammer_tconstruct
[09:01:59] [INFO] Registered Crook Catalyst: exnihilocreatio:crook_tconstruct
