[10:39:35] [WARN] Crucible entry for Oak Sapling with meta 0 already exists, skipping.
[10:39:35] [WARN] Crucible entry for Spruce Sapling with meta 1 already exists, skipping.
[10:39:35] [WARN] Crucible entry for Birch Sapling with meta 2 already exists, skipping.
[10:39:35] [WARN] Crucible entry for Jungle Sapling with meta 3 already exists, skipping.
[10:39:35] [WARN] Crucible entry for Acacia Sapling with meta 4 already exists, skipping.
[10:39:35] [WARN] Crucible entry for Dark Oak Sapling with meta 5 already exists, skipping.
[10:41:09] [INFO] ModConfig Loaded: true
[10:41:09] [INFO] JEI: Compost Recipe Pages Loaded:         2
[10:41:09] [INFO] JEI: Fluid Item Transform Recipes Loaded:       24
[10:41:09] [INFO] JEI: Fluid On Top Recipes Loaded:       2
[10:41:09] [INFO] JEI: Fluid Transform Recipes Loaded:    1
[10:41:09] [INFO] JEI: Hammer Recipes Loaded:             42
[10:41:09] [INFO] JEI: Crook Recipes Loaded:              1
[10:41:09] [INFO] JEI: Heat Sources Loaded:             48
[10:41:09] [INFO] JEI: Sieve Recipes Loaded:              53
[10:41:09] [INFO] JEI: Stone Crucible Recipes Loaded:       1
[10:41:09] [INFO] JEI: Wood Crucible Recipes Loaded:        1
[10:41:09] [INFO] Registered Hammer Catalyst: exnihilocreatio:hammer_wood
[10:41:09] [INFO] Registered Hammer Catalyst: exnihilocreatio:hammer_stone
[10:41:09] [INFO] Registered Hammer Catalyst: exnihilocreatio:hammer_iron
[10:41:09] [INFO] Registered Hammer Catalyst: exnihilocreatio:hammer_diamond
[10:41:09] [INFO] Registered Hammer Catalyst: exnihilocreatio:hammer_gold
[10:41:09] [INFO] Registered Crook Catalyst: exnihilocreatio:crook_wood
[10:41:09] [INFO] Registered Crook Catalyst: exnihilocreatio:crook_stone
[10:41:09] [INFO] Registered Crook Catalyst: exnihilocreatio:crook_andesite
[10:41:09] [INFO] Registered Crook Catalyst: exnihilocreatio:crook_granite
[10:41:09] [INFO] Registered Crook Catalyst: exnihilocreatio:crook_diorite
[10:41:09] [INFO] Registered Crook Catalyst: exnihilocreatio:crook_gold
[10:41:09] [INFO] Registered Crook Catalyst: exnihilocreatio:crook_iron
[10:41:09] [INFO] Registered Crook Catalyst: exnihilocreatio:crook_diamond
[10:41:09] [INFO] Registered Crook Catalyst: exnihilocreatio:crook_bone
[10:41:09] [INFO] Registered Crook Catalyst: exnihilocreatio:crook_clay_uncooked
[10:41:09] [INFO] Registered Crook Catalyst: exnihilocreatio:crook_clay
[10:41:09] [INFO] Registered Crook Catalyst: exnihilocreatio:crook_prismarine
[10:41:09] [INFO] Registered Crook Catalyst: exnihilocreatio:crook_netherrack
[10:41:09] [INFO] Registered Crook Catalyst: exnihilocreatio:crook_purpur
[10:41:09] [INFO] Registered Crook Catalyst: exnihilocreatio:crook_blaze
[10:41:09] [INFO] Registered Hammer Catalyst: exnihilocreatio:hammer_tconstruct
[10:41:09] [INFO] Registered Crook Catalyst: exnihilocreatio:crook_tconstruct
